<?xml version="1.0" encoding="UTF-8"?>
<testsuite xmlns:xsi="http://www.w3.org/2001/XMLSchema-instance" xsi:noNamespaceSchemaLocation="https://maven.apache.org/surefire/maven-surefire-plugin/xsd/surefire-test-report.xsd" version="3.0.2" name="com.stublab.StubLabApplicationTests" time="3.321" tests="1" errors="0" skipped="0" failures="0">
  <properties>
[...]
</properties>
  <testcase name="contextLoads" classname="com.stublab.StubLabApplicationTests" time="0.856">
    <system-out><![CDATA[12:57:21.303 [main] INFO org.springframework.test.context.support.AnnotationConfigContextLoaderUtils -- Could not detect default configuration classes for test class [com.stublab.StubLabApplicationTests]: StubLabApplicationTests does not declare any static, non-private, non-final, nested classes annotated with @Configuration.
12:57:21.462 [main] INFO org.springframework.boot.test.context.SpringBootTestContextBootstrapper -- Found @SpringBootConfiguration com.stublab.StubLabApplication for test class com.stublab.StubLabApplicationTests

  .   ____          _            __ _ _
 /\\ / ___'_ __ _ _(_)_ __  __ _ \ \ \ \
( ( )\___ | '_ | '_| | '_ \/ _` | \ \ \ \
 \\/  ___)| |_)| | | | | || (_| |  ) ) ) )
  '  |____| .__|_| |_|_| |_\__, | / / / /
 =========|_|==============|___/=/_/_/_/

 :: Spring Boot ::                (v3.4.0)

2024-12-04T12:57:22.028+05:30  INFO 15716 --- [StubLab] [           main] com.stublab.StubLabApplicationTests      : Starting StubLabApplicationTests using Java 23.0.1 with PID 15716 (started by sherinsithara in D:\stublab)
2024-12-04T12:57:22.032+05:30  INFO 15716 --- [StubLab] [           main] com.stublab.StubLabApplicationTests      : No active profile set, falling back to 1 default profile: "default"
2024-12-04T12:57:23.503+05:30  INFO 15716 --- [StubLab] [           main] com.stublab.StubLabApplicationTests      : Started StubLabApplicationTests in 1.843 seconds (process running for 3.221)
]]></system-out>
    <system-err><![CDATA[Mockito is currently self-attaching to enable the inline-mock-maker. This will no longer work in future releases of the JDK. Please add Mockito as an agent to your build what is described in Mockito's documentation: https://javadoc.io/doc/org.mockito/mockito-core/latest/org/mockito/Mockito.html#0.3
WARNING: A Java agent has been loaded dynamically (C:\Users\sherinsithara\.m2\repository\net\bytebuddy\byte-buddy-agent\1.15.10\byte-buddy-agent-1.15.10.jar)
WARNING: If a serviceability tool is in use, please run with -XX:+EnableDynamicAgentLoading to hide this warning
WARNING: If a serviceability tool is not in use, please run with -Djdk.instrument.traceUsage for more information
WARNING: Dynamic loading of agents will be disallowed by default in a future release
]]></system-err>
  </testcase>
</testsuite>